@!@!@STARTMSG 2262:0 @!@!@
TLC2 Version 2.16 of 31 December 2020 (rev: cdddf55)
@!@!@ENDMSG 2262 @!@!@
@!@!@STARTMSG 2187:0 @!@!@
Running breadth-first search Model-Checking with fp 77 and seed -8940420769978356450 with 1 worker on 10 cores with 7282MB heap and 64MB offheap memory [pid: 71856] (Mac OS X 13.2.1 aarch64, Eclipse Adoptium 11.0.17 x86_64, MSBDiskFPSet, DiskStateQueue).
@!@!@ENDMSG 2187 @!@!@
@!@!@STARTMSG 2220:0 @!@!@
Starting SANY...
@!@!@ENDMSG 2220 @!@!@
Parsing file /Users/dirk-janswagerman/Projects/tlaplus_code/vending_machine_kata/1_sequences_and_sets.tla
Parsing file /private/var/folders/sy/rhv1w43j3bscfpls8nxgbl1m0000gn/T/FiniteSets.tla
Parsing file /private/var/folders/sy/rhv1w43j3bscfpls8nxgbl1m0000gn/T/Sequences.tla
Parsing file /private/var/folders/sy/rhv1w43j3bscfpls8nxgbl1m0000gn/T/TLC.tla
Parsing file /private/var/folders/sy/rhv1w43j3bscfpls8nxgbl1m0000gn/T/Naturals.tla
Semantic processing of module Naturals
Semantic processing of module Sequences
Semantic processing of module FiniteSets
Semantic processing of module TLC
Semantic processing of module 1_sequences_and_sets
@!@!@STARTMSG 2219:0 @!@!@
SANY finished.
@!@!@ENDMSG 2219 @!@!@
@!@!@STARTMSG 2185:0 @!@!@
Starting... (2023-04-02 12:11:32)
@!@!@ENDMSG 2185 @!@!@
@!@!@STARTMSG 2189:0 @!@!@
Computing initial states...
@!@!@ENDMSG 2189 @!@!@
@!@!@STARTMSG 2190:0 @!@!@
Finished computing initial states: 1 distinct state generated at 2023-04-02 12:11:33.
@!@!@ENDMSG 2190 @!@!@
"chars1 \\union chars2"
{"d", "f", "a", "b", "c"}
"chars1 \\intersect chars2"
{"c"}
"chars1 \\ chars2"
{"a", "b"}
"chars1 \\X numbers2"
{<<"a", 3>>, <<"a", 4>>, <<"b", 3>>, <<"b", 4>>, <<"c", 3>>, <<"c", 4>>}
"SUBSET numbers1"
{{}, {1}, {2}, {1, 2}}
@!@!@STARTMSG 2109:1 @!@!@
Successor state is not completely specified by the next-state action. The following variables are not assigned: chars1, chars2, numbers1, numbers2.

@!@!@ENDMSG 2109 @!@!@
@!@!@STARTMSG 2121:1 @!@!@
The behavior up to this point is:
@!@!@ENDMSG 2121 @!@!@
@!@!@STARTMSG 2217:4 @!@!@
1: <Initial predicate>
/\ chars1 = {"a", "b", "c"}
/\ chars2 = {"d", "f", "c"}
/\ numbers1 = {1, 2}
/\ numbers2 = {3, 4}

@!@!@ENDMSG 2217 @!@!@
"chars1 \\union chars2"
{"d", "f", "a", "b", "c"}
"chars1 \\intersect chars2"
{"c"}
"chars1 \\ chars2"
{"a", "b"}
"chars1 \\X numbers2"
{<<"a", 3>>, <<"a", 4>>, <<"b", 3>>, <<"b", 4>>, <<"c", 3>>, <<"c", 4>>}
"SUBSET numbers1"
{{}, {1}, {2}, {1, 2}}
@!@!@STARTMSG 2217:4 @!@!@
2: <Next line 17, col 5 to line 34, col 31 of module 1_sequences_and_sets>
/\ chars1 = null
/\ chars2 = null
/\ numbers1 = null
/\ numbers2 = null

@!@!@ENDMSG 2217 @!@!@
@!@!@STARTMSG 2201:0 @!@!@
The coverage statistics at 2023-04-02 12:11:33
@!@!@ENDMSG 2201 @!@!@
@!@!@STARTMSG 2773:0 @!@!@
<Init line 10, col 1 to line 10, col 4 of module 1_sequences_and_sets>: 1:1
@!@!@ENDMSG 2773 @!@!@
@!@!@STARTMSG 2221:0 @!@!@
  line 11, col 5 to line 14, col 23 of module 1_sequences_and_sets: 1
@!@!@ENDMSG 2221 @!@!@
@!@!@STARTMSG 2772:0 @!@!@
<Next line 16, col 1 to line 16, col 4 of module 1_sequences_and_sets>: 0:2
@!@!@ENDMSG 2772 @!@!@
@!@!@STARTMSG 2221:0 @!@!@
  line 17, col 8 to line 17, col 39 of module 1_sequences_and_sets: 1
@!@!@ENDMSG 2221 @!@!@
@!@!@STARTMSG 2221:0 @!@!@
  line 18, col 8 to line 18, col 36 of module 1_sequences_and_sets: 1
@!@!@ENDMSG 2221 @!@!@
@!@!@STARTMSG 2221:0 @!@!@
  |line 18, col 16 to line 18, col 35 of module 1_sequences_and_sets: 2
@!@!@ENDMSG 2221 @!@!@
@!@!@STARTMSG 2221:0 @!@!@
  line 20, col 8 to line 20, col 43 of module 1_sequences_and_sets: 1
@!@!@ENDMSG 2221 @!@!@
@!@!@STARTMSG 2221:0 @!@!@
  line 21, col 8 to line 21, col 40 of module 1_sequences_and_sets: 1
@!@!@ENDMSG 2221 @!@!@
@!@!@STARTMSG 2221:0 @!@!@
  |line 21, col 16 to line 21, col 39 of module 1_sequences_and_sets: 2
@!@!@ENDMSG 2221 @!@!@
@!@!@STARTMSG 2221:0 @!@!@
  line 24, col 8 to line 24, col 34 of module 1_sequences_and_sets: 1
@!@!@ENDMSG 2221 @!@!@
@!@!@STARTMSG 2221:0 @!@!@
  line 25, col 8 to line 25, col 31 of module 1_sequences_and_sets: 1
@!@!@ENDMSG 2221 @!@!@
@!@!@STARTMSG 2221:0 @!@!@
  |line 25, col 16 to line 25, col 30 of module 1_sequences_and_sets: 2
@!@!@ENDMSG 2221 @!@!@
@!@!@STARTMSG 2221:0 @!@!@
  line 29, col 8 to line 29, col 37 of module 1_sequences_and_sets: 1
@!@!@ENDMSG 2221 @!@!@
@!@!@STARTMSG 2221:0 @!@!@
  line 30, col 8 to line 30, col 34 of module 1_sequences_and_sets: 1
@!@!@ENDMSG 2221 @!@!@
@!@!@STARTMSG 2775:0 @!@!@
  |line 30, col 16 to line 30, col 33 of module 1_sequences_and_sets: 2:36
@!@!@ENDMSG 2775 @!@!@
@!@!@STARTMSG 2221:0 @!@!@
  line 33, col 8 to line 33, col 33 of module 1_sequences_and_sets: 1
@!@!@ENDMSG 2221 @!@!@
@!@!@STARTMSG 2221:0 @!@!@
  line 34, col 8 to line 34, col 31 of module 1_sequences_and_sets: 1
@!@!@ENDMSG 2221 @!@!@
@!@!@STARTMSG 2775:0 @!@!@
  |line 34, col 16 to line 34, col 30 of module 1_sequences_and_sets: 2:8
@!@!@ENDMSG 2775 @!@!@
@!@!@STARTMSG 2202:0 @!@!@
End of statistics.
@!@!@ENDMSG 2202 @!@!@
@!@!@STARTMSG 2200:0 @!@!@
Progress(1) at 2023-04-02 12:11:33: 2 states generated (382 s/min), 1 distinct states found (191 ds/min), 0 states left on queue.
@!@!@ENDMSG 2200 @!@!@
@!@!@STARTMSG 2199:0 @!@!@
2 states generated, 1 distinct states found, 0 states left on queue.
@!@!@ENDMSG 2199 @!@!@
@!@!@STARTMSG 2194:0 @!@!@
The depth of the complete state graph search is 1.
@!@!@ENDMSG 2194 @!@!@
@!@!@STARTMSG 2186:0 @!@!@
Finished in 319ms at (2023-04-02 12:11:33)
@!@!@ENDMSG 2186 @!@!@
